<?xml version="1.0" encoding="UTF-8" ?>
<testsuite tests="14" failures="5" name="TestSuite" time="0.048" errors="0" skipped="0">
  <properties>
[...]
</properties>
  <testcase classname="MathoperationsTest" name="test2" time="0.015"/>
  <testcase classname="MathoperationsTest" name="testEqual" time="0.003"/>
  <testcase classname="MathoperationsTest" name="testEqual1" time="0.005"/>
  <testcase classname="MathoperationsTest" name="testEqual2" time="0.006">
    <failure message="expected [false] but found [true]" type="java.lang.AssertionError">java.lang.AssertionError: expected [false] but found [true]
	at org.testng.Assert.fail(Assert.java:96)
	at org.testng.Assert.failNotEquals(Assert.java:776)
	at org.testng.Assert.assertEqualsImpl(Assert.java:137)
	at org.testng.Assert.assertEquals(Assert.java:118)
	at org.testng.Assert.assertEquals(Assert.java:568)
	at org.testng.Assert.assertEquals(Assert.java:578)
	at MathoperationsTest.testEqual2(MathoperationsTest.java:67)
</failure>
    <system-out>After method
Before method
</system-out>
  </testcase>
  <testcase classname="MathoperationsTest" name="testMax" time="0"/>
  <testcase classname="MathoperationsTest" name="testMax1" time="0.001">
    <failure message="expected [17] but found [15]" type="java.lang.AssertionError">java.lang.AssertionError: expected [17] but found [15]
	at org.testng.Assert.fail(Assert.java:96)
	at org.testng.Assert.failNotEquals(Assert.java:776)
	at org.testng.Assert.assertEqualsImpl(Assert.java:137)
	at org.testng.Assert.assertEquals(Assert.java:118)
	at org.testng.Assert.assertEquals(Assert.java:652)
	at org.testng.Assert.assertEquals(Assert.java:662)
	at MathoperationsTest.testMax1(MathoperationsTest.java:41)
</failure>
    <system-out>After method
Before method
</system-out>
  </testcase>
  <testcase classname="MathoperationsTest" name="testMin" time="0.001"/>
  <testcase classname="MathoperationsTest" name="testMin1" time="0.011">
    <failure message="expected [-9] but found [-98]" type="java.lang.AssertionError">java.lang.AssertionError: expected [-9] but found [-98]
	at org.testng.Assert.fail(Assert.java:96)
	at org.testng.Assert.failNotEquals(Assert.java:776)
	at org.testng.Assert.assertEqualsImpl(Assert.java:137)
	at org.testng.Assert.assertEquals(Assert.java:118)
	at org.testng.Assert.assertEquals(Assert.java:652)
	at org.testng.Assert.assertEquals(Assert.java:662)
	at MathoperationsTest.testMin1(MathoperationsTest.java:83)
</failure>
    <system-out>After method
Before method
</system-out>
  </testcase>
  <testcase classname="MathoperationsTest" name="testSquareRoot" time="0.001"/>
  <testcase classname="MathoperationsTest" name="testSquareRoot1" time="0.001">
    <failure message="expected [12.0] but found [11.832159566199232]" type="java.lang.AssertionError">java.lang.AssertionError: expected [12.0] but found [11.832159566199232]
	at org.testng.Assert.fail(Assert.java:96)
	at org.testng.Assert.failNotEquals(Assert.java:776)
	at org.testng.Assert.assertEqualsImpl(Assert.java:137)
	at org.testng.Assert.assertEquals(Assert.java:118)
	at org.testng.Assert.assertEquals(Assert.java:442)
	at MathoperationsTest.testSquareRoot1(MathoperationsTest.java:98)
</failure>
    <system-out>After method
Before method
</system-out>
  </testcase>
  <testcase classname="StringHomeTest" name="provider" time="0"/>
  <testcase classname="StringHomeTest" name="provider" time="0"/>
  <testcase classname="StringHomeTest" name="testFormat" time="0.002"/>
  <testcase classname="StringHomeTest" name="testFormat1" time="0.002">
    <failure message="Format is wrong, expected isDreamscometrue11 expected [Dreamscometrue11] but found [Dreamscometrue]" type="java.lang.AssertionError">java.lang.AssertionError: Format is wrong, expected isDreamscometrue11 expected [Dreamscometrue11] but found [Dreamscometrue]
	at org.testng.Assert.fail(Assert.java:96)
	at org.testng.Assert.failNotEquals(Assert.java:776)
	at org.testng.Assert.assertEqualsImpl(Assert.java:137)
	at org.testng.Assert.assertEquals(Assert.java:118)
	at org.testng.Assert.assertEquals(Assert.java:453)
	at StringHomeTest.testFormat1(StringHomeTest.java:16)
</failure>
  </testcase>
</testsuite>